<?xml version="1.0" encoding="UTF-8"?>
<!-- Generated by org.testng.reporters.JUnitXMLReporter -->
<testsuite hostname="BWAW_500" name="Command line test" tests="3" failures="0" timestamp="26 Jan 2018 07:25:07 GMT" time="156.387" errors="0">
  <testcase name="s1_goTest" time="40.98" classname="TescoValueVer3.TescoButter.Tests"/>
  <testcase name="s2_goButterDepartement" time="52.2" classname="TescoValueVer3.TescoButter.Tests"/>
  <testcase name="cheapestOne" time="41.33" classname="TescoValueVer3.TescoButter.Tests"/>
</testsuite> <!-- Command line test -->
